Traceback (most recent call last):
  File "/home/runner/work/cov_pred_finance/cov_pred_finance/.venv/lib/python3.11/site-packages/jupyter_cache/executors/utils.py", line 58, in single_nb_execution
    executenb(
  File "/home/runner/work/cov_pred_finance/cov_pred_finance/.venv/lib/python3.11/site-packages/nbclient/client.py", line 1305, in execute
    return NotebookClient(nb=nb, resources=resources, km=km, **kwargs).execute()
           ^^^^^^^^^^^^^^^^^^^^^^^^^^^^^^^^^^^^^^^^^^^^^^^^^^^^^^^^^^^^^^^^^^^^^
  File "/home/runner/work/cov_pred_finance/cov_pred_finance/.venv/lib/python3.11/site-packages/jupyter_core/utils/__init__.py", line 166, in wrapped
    return loop.run_until_complete(inner)
           ^^^^^^^^^^^^^^^^^^^^^^^^^^^^^^
  File "/opt/hostedtoolcache/Python/3.11.3/x64/lib/python3.11/asyncio/base_events.py", line 653, in run_until_complete
    return future.result()
           ^^^^^^^^^^^^^^^
  File "/home/runner/work/cov_pred_finance/cov_pred_finance/.venv/lib/python3.11/site-packages/nbclient/client.py", line 705, in async_execute
    await self.async_execute_cell(
  File "/home/runner/work/cov_pred_finance/cov_pred_finance/.venv/lib/python3.11/site-packages/nbclient/client.py", line 1058, in async_execute_cell
    await self._check_raise_for_error(cell, cell_index, exec_reply)
  File "/home/runner/work/cov_pred_finance/cov_pred_finance/.venv/lib/python3.11/site-packages/nbclient/client.py", line 914, in _check_raise_for_error
    raise CellExecutionError.from_cell_and_msg(cell, exec_reply_content)
nbclient.exceptions.CellExecutionError: An error occurred while executing the following cell:
------------------
# Pairs of halflife volatility vs halflife covariances
pairs = [(10, 10), (21, 21), (21, 63)]

# compute the covariance matrices, one time series for each pair
Sigmas = {f"{pair[0]}-{pair[1]}": iterated_ewma(returns, vola_halflife=pair[0], cov_halflife=pair[1], lower=-4.2, upper=4.2) for pair in pairs}
------------------


[0;31m---------------------------------------------------------------------------[0m
[0;31mTypeError[0m                                 Traceback (most recent call last)
Cell [0;32mIn[4], line 5[0m
[1;32m      2[0m pairs [38;5;241m=[39m [([38;5;241m10[39m, [38;5;241m10[39m), ([38;5;241m21[39m, [38;5;241m21[39m), ([38;5;241m21[39m, [38;5;241m63[39m)]
[1;32m      4[0m [38;5;66;03m# compute the covariance matrices, one time series for each pair[39;00m
[0;32m----> 5[0m Sigmas [38;5;241m=[39m [43m{[49m[38;5;124;43mf[39;49m[38;5;124;43m"[39;49m[38;5;132;43;01m{[39;49;00m[43mpair[49m[43m[[49m[38;5;241;43m0[39;49m[43m][49m[38;5;132;43;01m}[39;49;00m[38;5;124;43m-[39;49m[38;5;132;43;01m{[39;49;00m[43mpair[49m[43m[[49m[38;5;241;43m1[39;49m[43m][49m[38;5;132;43;01m}[39;49;00m[38;5;124;43m"[39;49m[43m:[49m[43m [49m[43miterated_ewma[49m[43m([49m[43mreturns[49m[43m,[49m[43m [49m[43mvola_halflife[49m[38;5;241;43m=[39;49m[43mpair[49m[43m[[49m[38;5;241;43m0[39;49m[43m][49m[43m,[49m[43m [49m[43mcov_halflife[49m[38;5;241;43m=[39;49m[43mpair[49m[43m[[49m[38;5;241;43m1[39;49m[43m][49m[43m,[49m[43m [49m[43mlower[49m[38;5;241;43m=[39;49m[38;5;241;43m-[39;49m[38;5;241;43m4.2[39;49m[43m,[49m[43m [49m[43mupper[49m[38;5;241;43m=[39;49m[38;5;241;43m4.2[39;49m[43m)[49m[43m [49m[38;5;28;43;01mfor[39;49;00m[43m [49m[43mpair[49m[43m [49m[38;5;129;43;01min[39;49;00m[43m [49m[43mpairs[49m[43m}[49m

Cell [0;32mIn[4], line 5[0m, in [0;36m<dictcomp>[0;34m(.0)[0m
[1;32m      2[0m pairs [38;5;241m=[39m [([38;5;241m10[39m, [38;5;241m10[39m), ([38;5;241m21[39m, [38;5;241m21[39m), ([38;5;241m21[39m, [38;5;241m63[39m)]
[1;32m      4[0m [38;5;66;03m# compute the covariance matrices, one time series for each pair[39;00m
[0;32m----> 5[0m Sigmas [38;5;241m=[39m {[38;5;124mf[39m[38;5;124m"[39m[38;5;132;01m{[39;00mpair[[38;5;241m0[39m][38;5;132;01m}[39;00m[38;5;124m-[39m[38;5;132;01m{[39;00mpair[[38;5;241m1[39m][38;5;132;01m}[39;00m[38;5;124m"[39m: [43miterated_ewma[49m[43m([49m[43mreturns[49m[43m,[49m[43m [49m[43mvola_halflife[49m[38;5;241;43m=[39;49m[43mpair[49m[43m[[49m[38;5;241;43m0[39;49m[43m][49m[43m,[49m[43m [49m[43mcov_halflife[49m[38;5;241;43m=[39;49m[43mpair[49m[43m[[49m[38;5;241;43m1[39;49m[43m][49m[43m,[49m[43m [49m[43mlower[49m[38;5;241;43m=[39;49m[38;5;241;43m-[39;49m[38;5;241;43m4.2[39;49m[43m,[49m[43m [49m[43mupper[49m[38;5;241;43m=[39;49m[38;5;241;43m4.2[39;49m[43m)[49m [38;5;28;01mfor[39;00m pair [38;5;129;01min[39;00m pairs}

[0;31mTypeError[0m: iterated_ewma() got an unexpected keyword argument 'lower'

